18:48:05.384 [main]INFO  TDDProject.basePackage.BaseClass - browser used is firefox
18:48:08.707 [main]INFO  TDDProject.testLayer.TC1_Login_001 -  enter usename and password 
18:48:09.260 [main]INFO  TDDProject.testLayer.TC1_Login_001 - Guru99 Bank Manager HomePage
18:48:13.613 [main]INFO  TDDProject.basePackage.BaseClass - browser used is firefox
18:48:17.768 [main]INFO  TDDProject.testLayer.TC1_LoginDDT_002 - username and password is entered
18:48:18.656 [main]INFO  TDDProject.testLayer.TC1_LoginDDT_002 - alert accepted
18:48:21.889 [main]INFO  TDDProject.basePackage.BaseClass - browser used is firefox
18:48:26.083 [main]INFO  TDDProject.testLayer.TC1_LoginDDT_002 - username and password is entered
18:48:26.442 [main]INFO  TDDProject.testLayer.TC1_LoginDDT_002 - alert Accepted
18:48:29.618 [main]INFO  TDDProject.basePackage.BaseClass - browser used is firefox
18:48:33.682 [main]INFO  TDDProject.testLayer.TC1_LoginDDT_002 - username and password is entered
18:48:34.134 [main]INFO  TDDProject.testLayer.TC1_LoginDDT_002 - alert Accepted
18:48:37.334 [main]INFO  TDDProject.basePackage.BaseClass - browser used is firefox
18:48:41.375 [main]INFO  TDDProject.testLayer.TC1_LoginDDT_002 - username and password is entered
18:48:42.195 [main]INFO  TDDProject.testLayer.TC1_LoginDDT_002 - alert accepted
18:48:45.454 [main]INFO  TDDProject.basePackage.BaseClass - browser used is firefox
18:48:47.212 [main]INFO  TDDProject.testLayer.TC2_AddCustomerPage_003 - username nad password entered
18:48:55.893 [main]INFO  TDDProject.testLayer.TC2_AddCustomerPage_003 - random emial generated
18:48:55.965 [main]INFO  TDDProject.testLayer.TC2_AddCustomerPage_003 - entered all the details
18:48:56.528 [main]INFO  TDDProject.testLayer.TC2_AddCustomerPage_003 - clicked on submit button
18:49:05.968 [main]INFO  TDDProject.basePackage.BaseClass - browser used is firefox
18:49:07.203 [main]INFO  TDDProject.testLayer.TC3_EditCustomer_004 - entered username and password
18:49:07.678 [main]INFO  TDDProject.testLayer.TC3_EditCustomer_004 - clicked on submit button
18:49:08.124 [main]INFO  TDDProject.testLayer.TC3_EditCustomer_004 - edited customer details
18:49:16.651 [main]INFO  TDDProject.basePackage.BaseClass - browser used is firefox
18:49:17.849 [main]INFO  TDDProject.testLayer.TC4_DeleteCustomer_005 - entered username and password
18:49:18.264 [main]INFO  TDDProject.testLayer.TC4_DeleteCustomer_005 - clicked on submit button
18:49:18.833 [main]INFO  TDDProject.testLayer.TC4_DeleteCustomer_005 - deleted customer details
18:49:22.059 [main]INFO  TDDProject.basePackage.BaseClass - browser used is firefox
18:49:23.195 [main]INFO  TDDProject.testLayer.TC5_NewAccount_006  - entered username and password
18:49:23.642 [main]INFO  TDDProject.testLayer.TC5_NewAccount_006  - click on submit btn
18:49:24.719 [main]INFO  TDDProject.testLayer.TC5_NewAccount_006  - new account added
19:18:17.649 [main]INFO  TDDProject.basePackage.BaseClass - browser used is firefox
19:18:20.942 [main]INFO  TDDProject.testLayer.TC1_Login_001 -  enter usename and password 
19:18:21.497 [main]INFO  TDDProject.testLayer.TC1_Login_001 - Guru99 Bank Manager HomePage
19:18:21.585 [main]INFO  TDDProject.basePackage.BaseClass - Screenshot saved successsfully
19:18:25.454 [main]INFO  TDDProject.basePackage.BaseClass - browser used is firefox
19:18:30.139 [main]INFO  TDDProject.testLayer.TC1_LoginDDT_002 - username and password is entered
19:18:31.026 [main]INFO  TDDProject.testLayer.TC1_LoginDDT_002 - alert accepted
19:18:34.223 [main]INFO  TDDProject.basePackage.BaseClass - browser used is firefox
19:18:38.462 [main]INFO  TDDProject.testLayer.TC1_LoginDDT_002 - username and password is entered
19:18:38.856 [main]INFO  TDDProject.testLayer.TC1_LoginDDT_002 - alert Accepted
19:18:42.149 [main]INFO  TDDProject.basePackage.BaseClass - browser used is firefox
19:18:46.480 [main]INFO  TDDProject.testLayer.TC1_LoginDDT_002 - username and password is entered
19:18:46.867 [main]INFO  TDDProject.testLayer.TC1_LoginDDT_002 - alert Accepted
19:18:50.137 [main]INFO  TDDProject.basePackage.BaseClass - browser used is firefox
19:18:54.580 [main]INFO  TDDProject.testLayer.TC1_LoginDDT_002 - username and password is entered
19:18:55.415 [main]INFO  TDDProject.testLayer.TC1_LoginDDT_002 - alert accepted
19:18:58.853 [main]INFO  TDDProject.basePackage.BaseClass - browser used is firefox
19:19:00.145 [main]INFO  TDDProject.testLayer.TC2_AddCustomerPage_003 - username nad password entered
19:19:08.341 [main]INFO  TDDProject.testLayer.TC2_AddCustomerPage_003 - random emial generated
19:19:08.412 [main]INFO  TDDProject.testLayer.TC2_AddCustomerPage_003 - entered all the details
19:19:08.947 [main]INFO  TDDProject.testLayer.TC2_AddCustomerPage_003 - clicked on submit button
19:19:18.564 [main]INFO  TDDProject.basePackage.BaseClass - browser used is firefox
19:19:19.874 [main]INFO  TDDProject.testLayer.TC3_EditCustomer_004 - entered username and password
19:19:20.307 [main]INFO  TDDProject.testLayer.TC3_EditCustomer_004 - clicked on submit button
19:19:20.810 [main]INFO  TDDProject.testLayer.TC3_EditCustomer_004 - edited customer details
19:19:29.520 [main]INFO  TDDProject.basePackage.BaseClass - browser used is firefox
19:19:31.318 [main]INFO  TDDProject.testLayer.TC4_DeleteCustomer_005 - entered username and password
19:19:31.822 [main]INFO  TDDProject.testLayer.TC4_DeleteCustomer_005 - clicked on submit button
19:19:32.463 [main]INFO  TDDProject.testLayer.TC4_DeleteCustomer_005 - deleted customer details
19:19:35.938 [main]INFO  TDDProject.basePackage.BaseClass - browser used is firefox
19:19:37.334 [main]INFO  TDDProject.testLayer.TC5_NewAccount_006  - entered username and password
19:19:37.768 [main]INFO  TDDProject.testLayer.TC5_NewAccount_006  - click on submit btn
19:19:38.972 [main]INFO  TDDProject.testLayer.TC5_NewAccount_006  - new account added
19:26:41.613 [main]INFO  TDDProject.basePackage.BaseClass - browser used is firefox
19:26:45.028 [main]INFO  TDDProject.testLayer.TC1_Login_001 -  enter usename and password 
19:26:45.569 [main]INFO  TDDProject.testLayer.TC1_Login_001 - Guru99 Bank Manager HomePage
19:26:50.033 [main]INFO  TDDProject.basePackage.BaseClass - browser used is firefox
19:26:57.043 [main]INFO  TDDProject.basePackage.BaseClass - browser used is firefox
19:26:58.270 [main]INFO  TDDProject.testLayer.TC2_AddCustomerPage_003 - username nad password entered
19:27:06.956 [main]INFO  TDDProject.basePackage.BaseClass - browser used is firefox
19:27:08.199 [main]INFO  TDDProject.testLayer.TC3_EditCustomer_004 - entered username and password
19:27:08.698 [main]INFO  TDDProject.testLayer.TC3_EditCustomer_004 - clicked on submit button
19:27:09.244 [main]INFO  TDDProject.testLayer.TC3_EditCustomer_004 - edited customer details
19:27:18.372 [main]INFO  TDDProject.basePackage.BaseClass - browser used is firefox
19:27:19.643 [main]INFO  TDDProject.testLayer.TC4_DeleteCustomer_005 - entered username and password
19:27:20.123 [main]INFO  TDDProject.testLayer.TC4_DeleteCustomer_005 - clicked on submit button
19:27:20.731 [main]INFO  TDDProject.testLayer.TC4_DeleteCustomer_005 - deleted customer details
19:27:24.091 [main]INFO  TDDProject.basePackage.BaseClass - browser used is firefox
19:27:25.406 [main]INFO  TDDProject.testLayer.TC5_NewAccount_006  - entered username and password
19:27:25.801 [main]INFO  TDDProject.testLayer.TC5_NewAccount_006  - click on submit btn
19:27:26.895 [main]INFO  TDDProject.testLayer.TC5_NewAccount_006  - new account added
19:41:00.491 [main]INFO  TDDProject.basePackage.BaseClass - browser used is firefox
19:41:03.960 [main]INFO  TDDProject.testLayer.TC1_Login_001 -  enter usename and password 
19:41:04.493 [main]INFO  TDDProject.testLayer.TC1_Login_001 - Guru99 Bank Manager HomePage
19:41:09.084 [main]INFO  TDDProject.basePackage.BaseClass - browser used is firefox
19:41:13.351 [main]INFO  TDDProject.testLayer.TC1_LoginDDT_002 - username and password is entered
19:41:14.220 [main]INFO  TDDProject.testLayer.TC1_LoginDDT_002 - alert accepted
19:41:17.665 [main]INFO  TDDProject.basePackage.BaseClass - browser used is firefox
19:41:21.902 [main]INFO  TDDProject.testLayer.TC1_LoginDDT_002 - username and password is entered
19:41:22.225 [main]INFO  TDDProject.testLayer.TC1_LoginDDT_002 - alert Accepted
19:41:25.588 [main]INFO  TDDProject.basePackage.BaseClass - browser used is firefox
19:41:30.550 [main]INFO  TDDProject.testLayer.TC1_LoginDDT_002 - username and password is entered
19:41:30.924 [main]INFO  TDDProject.testLayer.TC1_LoginDDT_002 - alert Accepted
19:41:34.338 [main]INFO  TDDProject.basePackage.BaseClass - browser used is firefox
19:41:38.614 [main]INFO  TDDProject.testLayer.TC1_LoginDDT_002 - username and password is entered
19:41:39.723 [main]INFO  TDDProject.testLayer.TC1_LoginDDT_002 - alert accepted
19:41:42.924 [main]INFO  TDDProject.basePackage.BaseClass - browser used is firefox
19:41:44.151 [main]INFO  TDDProject.testLayer.TC2_AddCustomerPage_003 - username nad password entered
19:41:52.727 [main]INFO  TDDProject.testLayer.TC2_AddCustomerPage_003 - random emial generated
19:41:52.799 [main]INFO  TDDProject.testLayer.TC2_AddCustomerPage_003 - entered all the details
19:41:53.335 [main]INFO  TDDProject.testLayer.TC2_AddCustomerPage_003 - clicked on submit button
19:42:03.027 [main]INFO  TDDProject.basePackage.BaseClass - browser used is firefox
19:42:04.432 [main]INFO  TDDProject.testLayer.TC3_EditCustomer_004 - entered username and password
19:42:04.841 [main]INFO  TDDProject.testLayer.TC3_EditCustomer_004 - clicked on submit button
19:42:05.217 [main]INFO  TDDProject.testLayer.TC3_EditCustomer_004 - edited customer details
19:42:13.967 [main]INFO  TDDProject.basePackage.BaseClass - browser used is firefox
19:42:15.234 [main]INFO  TDDProject.testLayer.TC4_DeleteCustomer_005 - entered username and password
19:42:15.653 [main]INFO  TDDProject.testLayer.TC4_DeleteCustomer_005 - clicked on submit button
19:42:16.429 [main]INFO  TDDProject.testLayer.TC4_DeleteCustomer_005 - deleted customer details
19:42:19.716 [main]INFO  TDDProject.basePackage.BaseClass - browser used is firefox
19:42:21.058 [main]INFO  TDDProject.testLayer.TC5_NewAccount_006  - entered username and password
19:42:21.501 [main]INFO  TDDProject.testLayer.TC5_NewAccount_006  - click on submit btn
19:42:22.831 [main]INFO  TDDProject.testLayer.TC5_NewAccount_006  - new account added
22:30:18.312 [main]INFO  TDDProject.basePackage.BaseClass - browser used is firefox
22:30:21.849 [main]INFO  TDDProject.testLayer.TC1_Login_001 -  enter usename and password 
22:30:22.364 [main]INFO  TDDProject.testLayer.TC1_Login_001 - Guru99 Bank Manager HomePage
22:30:26.878 [main]INFO  TDDProject.basePackage.BaseClass - browser used is firefox
22:30:31.172 [main]INFO  TDDProject.testLayer.TC1_LoginDDT_002 - username and password is entered
22:30:32.033 [main]INFO  TDDProject.testLayer.TC1_LoginDDT_002 - alert accepted
22:30:35.278 [main]INFO  TDDProject.basePackage.BaseClass - browser used is firefox
22:30:39.354 [main]INFO  TDDProject.testLayer.TC1_LoginDDT_002 - username and password is entered
22:30:39.686 [main]INFO  TDDProject.testLayer.TC1_LoginDDT_002 - alert Accepted
22:30:42.877 [main]INFO  TDDProject.basePackage.BaseClass - browser used is firefox
22:30:47.176 [main]INFO  TDDProject.testLayer.TC1_LoginDDT_002 - username and password is entered
22:30:47.504 [main]INFO  TDDProject.testLayer.TC1_LoginDDT_002 - alert Accepted
22:30:50.930 [main]INFO  TDDProject.basePackage.BaseClass - browser used is firefox
22:30:55.233 [main]INFO  TDDProject.testLayer.TC1_LoginDDT_002 - username and password is entered
22:30:56.130 [main]INFO  TDDProject.testLayer.TC1_LoginDDT_002 - alert accepted
22:30:59.482 [main]INFO  TDDProject.basePackage.BaseClass - browser used is firefox
22:31:00.684 [main]INFO  TDDProject.testLayer.TC2_AddCustomerPage_003 - username nad password entered
22:31:09.196 [main]INFO  TDDProject.testLayer.TC2_AddCustomerPage_003 - random emial generated
22:31:09.269 [main]INFO  TDDProject.testLayer.TC2_AddCustomerPage_003 - entered all the details
22:31:09.550 [main]INFO  TDDProject.testLayer.TC2_AddCustomerPage_003 - clicked on submit button
22:31:15.961 [main]INFO  TDDProject.basePackage.BaseClass - browser used is firefox
22:31:17.199 [main]INFO  TDDProject.testLayer.TC3_EditCustomer_004 - entered username and password
22:31:17.613 [main]INFO  TDDProject.testLayer.TC3_EditCustomer_004 - clicked on submit button
22:31:18.144 [main]INFO  TDDProject.testLayer.TC3_EditCustomer_004 - edited customer details
22:31:26.652 [main]INFO  TDDProject.basePackage.BaseClass - browser used is firefox
22:31:28.414 [main]INFO  TDDProject.testLayer.TC4_DeleteCustomer_005 - entered username and password
22:31:28.847 [main]INFO  TDDProject.testLayer.TC4_DeleteCustomer_005 - clicked on submit button
22:31:29.579 [main]INFO  TDDProject.testLayer.TC4_DeleteCustomer_005 - deleted customer details
22:31:32.984 [main]INFO  TDDProject.basePackage.BaseClass - browser used is firefox
22:31:34.271 [main]INFO  TDDProject.testLayer.TC5_NewAccount_006  - entered username and password
22:31:34.684 [main]INFO  TDDProject.testLayer.TC5_NewAccount_006  - click on submit btn
22:31:35.978 [main]INFO  TDDProject.testLayer.TC5_NewAccount_006  - new account added
11:57:58.487 [main]INFO  TDDProject.basePackage.BaseClass - browser used is firefox
11:58:01.842 [main]INFO  TDDProject.testLayer.TC1_Login_001 -  enter usename and password 
11:58:02.257 [main]INFO  TDDProject.testLayer.TC1_Login_001 - Guru99 Bank Manager HomePage
11:58:06.283 [main]INFO  TDDProject.basePackage.BaseClass - browser used is firefox
11:58:10.405 [main]INFO  TDDProject.testLayer.TC1_LoginDDT_002 - username and password is entered
11:58:11.213 [main]INFO  TDDProject.testLayer.TC1_LoginDDT_002 - alert accepted
11:58:14.639 [main]INFO  TDDProject.basePackage.BaseClass - browser used is firefox
11:58:18.789 [main]INFO  TDDProject.testLayer.TC1_LoginDDT_002 - username and password is entered
11:58:19.131 [main]INFO  TDDProject.testLayer.TC1_LoginDDT_002 - alert Accepted
11:58:22.500 [main]INFO  TDDProject.basePackage.BaseClass - browser used is firefox
11:58:26.595 [main]INFO  TDDProject.testLayer.TC1_LoginDDT_002 - username and password is entered
11:58:26.979 [main]INFO  TDDProject.testLayer.TC1_LoginDDT_002 - alert Accepted
11:58:30.371 [main]INFO  TDDProject.basePackage.BaseClass - browser used is firefox
11:58:34.484 [main]INFO  TDDProject.testLayer.TC1_LoginDDT_002 - username and password is entered
11:58:35.197 [main]INFO  TDDProject.testLayer.TC1_LoginDDT_002 - alert accepted
11:58:38.482 [main]INFO  TDDProject.basePackage.BaseClass - browser used is firefox
11:58:39.520 [main]INFO  TDDProject.testLayer.TC2_AddCustomerPage_003 - username nad password entered
11:58:47.716 [main]INFO  TDDProject.testLayer.TC2_AddCustomerPage_003 - random emial generated
11:58:47.785 [main]INFO  TDDProject.testLayer.TC2_AddCustomerPage_003 - entered all the details
11:58:48.203 [main]INFO  TDDProject.testLayer.TC2_AddCustomerPage_003 - clicked on submit button
11:58:57.518 [main]INFO  TDDProject.basePackage.BaseClass - browser used is firefox
11:58:58.841 [main]INFO  TDDProject.testLayer.TC3_EditCustomer_004 - entered username and password
11:58:59.228 [main]INFO  TDDProject.testLayer.TC3_EditCustomer_004 - clicked on submit button
11:58:59.706 [main]INFO  TDDProject.testLayer.TC3_EditCustomer_004 - edited customer details
11:59:08.239 [main]INFO  TDDProject.basePackage.BaseClass - browser used is firefox
11:59:09.326 [main]INFO  TDDProject.testLayer.TC4_DeleteCustomer_005 - entered username and password
11:59:09.755 [main]INFO  TDDProject.testLayer.TC4_DeleteCustomer_005 - clicked on submit button
11:59:10.568 [main]INFO  TDDProject.testLayer.TC4_DeleteCustomer_005 - deleted customer details
11:59:14.193 [main]INFO  TDDProject.basePackage.BaseClass - browser used is firefox
11:59:16.016 [main]INFO  TDDProject.testLayer.TC5_NewAccount_006  - entered username and password
11:59:16.449 [main]INFO  TDDProject.testLayer.TC5_NewAccount_006  - click on submit btn
11:59:17.538 [main]INFO  TDDProject.testLayer.TC5_NewAccount_006  - new account added
